Entering libWad directory and running makefile...
g++ -g -c Wad.cpp -o Wad.o && g++ -g -c file_utils.cpp -o file_utils.o 
ar cr libWad.a Wad.o file_utils.o
Compiling tests...
Running tests...
Running main() from /home/reptilian/wad/test-workspace/googletest/googletest/src/gtest_main.cc
[==========] Running 35 tests from 3 test suites.
[----------] Global test environment set-up.
[----------] 18 tests from LibReadTests
[ RUN      ] LibReadTests.getMagic
Current working directory: /home/reptilian/p3/test-workspace
[info]: loading wad with path /home/reptilian/p3/test-workspace/./testfiles/sample1_copy.wad
(WAD LOAD OVERVIEW) Magic: IWAD num descriptors: 19 descriptor offset: 30417
deleting wad
yay
[       OK ] LibReadTests.getMagic (5 ms)
[ RUN      ] LibReadTests.isContent
Current working directory: /home/reptilian/p3/test-workspace
[info]: loading wad with path /home/reptilian/p3/test-workspace/./testfiles/sample1_copy.wad
(WAD LOAD OVERVIEW) Magic: IWAD num descriptors: 19 descriptor offset: 30417
deleting wad
yay
[       OK ] LibReadTests.isContent (3 ms)
[ RUN      ] LibReadTests.isDirectory
Current working directory: /home/reptilian/p3/test-workspace
[info]: loading wad with path /home/reptilian/p3/test-workspace/./testfiles/sample1_copy.wad
(WAD LOAD OVERVIEW) Magic: IWAD num descriptors: 19 descriptor offset: 30417
deleting wad
yay
[       OK ] LibReadTests.isDirectory (11 ms)
[ RUN      ] LibReadTests.getSize
Current working directory: /home/reptilian/p3/test-workspace
[info]: loading wad with path /home/reptilian/p3/test-workspace/./testfiles/sample1_copy.wad
(WAD LOAD OVERVIEW) Magic: IWAD num descriptors: 19 descriptor offset: 30417
deleting wad
yay
[       OK ] LibReadTests.getSize (1 ms)
[ RUN      ] LibReadTests.getContentsTest1
Current working directory: /home/reptilian/p3/test-workspace
[info]: loading wad with path /home/reptilian/p3/test-workspace/./testfiles/sample1_copy.wad
(WAD LOAD OVERVIEW) Magic: IWAD num descriptors: 19 descriptor offset: 30417
[INFO]: length 17 offset 0
reading in a length 17at offset 0 and actual WAD offset 12
deleting wad
yay
[       OK ] LibReadTests.getContentsTest1 (6 ms)
[ RUN      ] LibReadTests.getContentsTest2
Current working directory: /home/reptilian/p3/test-workspace
[info]: loading wad with path /home/reptilian/p3/test-workspace/./testfiles/sample1_copy.wad
(WAD LOAD OVERVIEW) Magic: IWAD num descriptors: 19 descriptor offset: 30417
[INFO]: length 17 offset 117
reading in a length 17at offset 117 and actual WAD offset 30136
deleting wad
yay
[       OK ] LibReadTests.getContentsTest2 (8 ms)
[ RUN      ] LibReadTests.getContentsTest3
Current working directory: /home/reptilian/p3/test-workspace
[info]: loading wad with path /home/reptilian/p3/test-workspace/./testfiles/sample1_copy.wad
(WAD LOAD OVERVIEW) Magic: IWAD num descriptors: 19 descriptor offset: 30417
[INFO]: length 1000 offset 7
reading in a length 5at offset 7 and actual WAD offset 48
deleting wad
yay
[       OK ] LibReadTests.getContentsTest3 (4 ms)
[ RUN      ] LibReadTests.getContentsTest4
Current working directory: /home/reptilian/p3/test-workspace
[info]: loading wad with path /home/reptilian/p3/test-workspace/./testfiles/sample1_copy.wad
(WAD LOAD OVERVIEW) Magic: IWAD num descriptors: 19 descriptor offset: 30417
[INFO]: length 5 offset 1000
[INFO]: offset 1000 >= file length 5 so no data will be written!
deleting wad
yay
[       OK ] LibReadTests.getContentsTest4 (2 ms)
[ RUN      ] LibReadTests.getContentsTest5
Current working directory: /home/reptilian/p3/test-workspace
[info]: loading wad with path /home/reptilian/p3/test-workspace/./testfiles/sample1_copy.wad
(WAD LOAD OVERVIEW) Magic: IWAD num descriptors: 19 descriptor offset: 30417
[ERROR]: get contents path /ba/dfile is not content!
deleting wad
yay
[       OK ] LibReadTests.getContentsTest5 (3 ms)
[ RUN      ] LibReadTests.getContentsTest6
Current working directory: /home/reptilian/p3/test-workspace
[info]: loading wad with path /home/reptilian/p3/test-workspace/./testfiles/sample1_copy.wad
(WAD LOAD OVERVIEW) Magic: IWAD num descriptors: 19 descriptor offset: 30417
[ERROR]: get contents path /Gl is not content!
deleting wad
yay
[       OK ] LibReadTests.getContentsTest6 (4 ms)
[ RUN      ] LibReadTests.getContentsTest7
Current working directory: /home/reptilian/p3/test-workspace
[info]: loading wad with path /home/reptilian/p3/test-workspace/./testfiles/sample1_copy.wad
(WAD LOAD OVERVIEW) Magic: IWAD num descriptors: 19 descriptor offset: 30417
[ERROR]: get contents path  is not content!
deleting wad
yay
[       OK ] LibReadTests.getContentsTest7 (3 ms)
[ RUN      ] LibReadTests.getContentsTest8
Current working directory: /home/reptilian/p3/test-workspace
[info]: loading wad with path /home/reptilian/p3/test-workspace/./testfiles/sample1_copy.wad
(WAD LOAD OVERVIEW) Magic: IWAD num descriptors: 19 descriptor offset: 30417
[INFO]: length 29869 offset 0
reading in a length 29869at offset 0 and actual WAD offset 150
deleting wad
yay
[       OK ] LibReadTests.getContentsTest8 (3 ms)
[ RUN      ] LibReadTests.getDirectoryTest1
Current working directory: /home/reptilian/p3/test-workspace
[info]: loading wad with path /home/reptilian/p3/test-workspace/./testfiles/sample1_copy.wad
(WAD LOAD OVERVIEW) Magic: IWAD num descriptors: 19 descriptor offset: 30417
deleting wad
yay
[       OK ] LibReadTests.getDirectoryTest1 (3 ms)
[ RUN      ] LibReadTests.getDirectoryTest2
Current working directory: /home/reptilian/p3/test-workspace
[info]: loading wad with path /home/reptilian/p3/test-workspace/./testfiles/sample1_copy.wad
(WAD LOAD OVERVIEW) Magic: IWAD num descriptors: 19 descriptor offset: 30417
deleting wad
yay
[       OK ] LibReadTests.getDirectoryTest2 (5 ms)
[ RUN      ] LibReadTests.getDirectoryTest3
Current working directory: /home/reptilian/p3/test-workspace
[info]: loading wad with path /home/reptilian/p3/test-workspace/./testfiles/sample1_copy.wad
(WAD LOAD OVERVIEW) Magic: IWAD num descriptors: 19 descriptor offset: 30417
deleting wad
yay
[       OK ] LibReadTests.getDirectoryTest3 (3 ms)
[ RUN      ] LibReadTests.getDirectoryTest4
Current working directory: /home/reptilian/p3/test-workspace
[info]: loading wad with path /home/reptilian/p3/test-workspace/./testfiles/sample1_copy.wad
(WAD LOAD OVERVIEW) Magic: IWAD num descriptors: 19 descriptor offset: 30417
deleting wad
yay
[       OK ] LibReadTests.getDirectoryTest4 (3 ms)
[ RUN      ] LibReadTests.getDirectoryTest5
Current working directory: /home/reptilian/p3/test-workspace
[info]: loading wad with path /home/reptilian/p3/test-workspace/./testfiles/sample1_copy.wad
(WAD LOAD OVERVIEW) Magic: IWAD num descriptors: 19 descriptor offset: 30417
deleting wad
yay
[       OK ] LibReadTests.getDirectoryTest5 (3 ms)
[ RUN      ] LibReadTests.getDirectoryTest6
Current working directory: /home/reptilian/p3/test-workspace
[info]: loading wad with path /home/reptilian/p3/test-workspace/./testfiles/sample1_copy.wad
(WAD LOAD OVERVIEW) Magic: IWAD num descriptors: 19 descriptor offset: 30417
deleting wad
yay
[       OK ] LibReadTests.getDirectoryTest6 (3 ms)
[----------] 18 tests from LibReadTests (80 ms total)

[----------] 16 tests from LibWriteTests
[ RUN      ] LibWriteTests.createDirectoryTest1
Current working directory: /home/reptilian/p3/test-workspace
[info]: loading wad with path /home/reptilian/p3/test-workspace/./testfiles/sample1_copy.wad
(WAD LOAD OVERVIEW) Magic: IWAD num descriptors: 19 descriptor offset: 30417
saving wad with 21 descriptors, while header says there are 21 num descriptors
deleting wad
yay
Current working directory: /home/reptilian/p3/test-workspace
[info]: loading wad with path /home/reptilian/p3/test-workspace/./testfiles/sample1_copy.wad
(WAD LOAD OVERVIEW) Magic: IWAD num descriptors: 21 descriptor offset: 30417
deleting wad
yay
[       OK ] LibWriteTests.createDirectoryTest1 (3 ms)
[ RUN      ] LibWriteTests.createDirectoryTest2
Current working directory: /home/reptilian/p3/test-workspace
[info]: loading wad with path /home/reptilian/p3/test-workspace/./testfiles/sample1_copy.wad
(WAD LOAD OVERVIEW) Magic: IWAD num descriptors: 19 descriptor offset: 30417
saving wad with 21 descriptors, while header says there are 21 num descriptors
deleting wad
yay
Current working directory: /home/reptilian/p3/test-workspace
[info]: loading wad with path /home/reptilian/p3/test-workspace/./testfiles/sample1_copy.wad
(WAD LOAD OVERVIEW) Magic: IWAD num descriptors: 21 descriptor offset: 30417
deleting wad
yay
[       OK ] LibWriteTests.createDirectoryTest2 (3 ms)
[ RUN      ] LibWriteTests.createDirectoryTest3
Current working directory: /home/reptilian/p3/test-workspace
[info]: loading wad with path /home/reptilian/p3/test-workspace/./testfiles/sample1_copy.wad
(WAD LOAD OVERVIEW) Magic: IWAD num descriptors: 19 descriptor offset: 30417
saving wad with 21 descriptors, while header says there are 21 num descriptors
saving wad with 23 descriptors, while header says there are 23 num descriptors
deleting wad
yay
Current working directory: /home/reptilian/p3/test-workspace
[info]: loading wad with path /home/reptilian/p3/test-workspace/./testfiles/sample1_copy.wad
(WAD LOAD OVERVIEW) Magic: IWAD num descriptors: 23 descriptor offset: 30417
deleting wad
yay
[       OK ] LibWriteTests.createDirectoryTest3 (3 ms)
[ RUN      ] LibWriteTests.createDirectoryTest4
Current working directory: /home/reptilian/p3/test-workspace
[info]: loading wad with path /home/reptilian/p3/test-workspace/./testfiles/sample1_copy.wad
(WAD LOAD OVERVIEW) Magic: IWAD num descriptors: 19 descriptor offset: 30417
[ERROR]: filenameexamis too large to be a proper directory name!
deleting wad
yay
Current working directory: /home/reptilian/p3/test-workspace
[info]: loading wad with path /home/reptilian/p3/test-workspace/./testfiles/sample1_copy.wad
(WAD LOAD OVERVIEW) Magic: IWAD num descriptors: 19 descriptor offset: 30417
deleting wad
yay
[       OK ] LibWriteTests.createDirectoryTest4 (2 ms)
[ RUN      ] LibWriteTests.createDirectoryTest5
Current working directory: /home/reptilian/p3/test-workspace
[info]: loading wad with path /home/reptilian/p3/test-workspace/./testfiles/sample1_copy.wad
(WAD LOAD OVERVIEW) Magic: IWAD num descriptors: 19 descriptor offset: 30417
[ERROR]: parent path /Ex is not a directory in the filesystem.
deleting wad
yay
[       OK ] LibWriteTests.createDirectoryTest5 (2 ms)
[ RUN      ] LibWriteTests.createDirectoryTest6
Current working directory: /home/reptilian/p3/test-workspace
[info]: loading wad with path /home/reptilian/p3/test-workspace/./testfiles/sample1_copy.wad
(WAD LOAD OVERVIEW) Magic: IWAD num descriptors: 19 descriptor offset: 30417
[ERROR]: filenameE1M1is too large to be a proper directory name!
deleting wad
yay
[       OK ] LibWriteTests.createDirectoryTest6 (2 ms)
[ RUN      ] LibWriteTests.createDirectoryTest7
Current working directory: /home/reptilian/p3/test-workspace
[info]: loading wad with path /home/reptilian/p3/test-workspace/./testfiles/sample1_copy.wad
(WAD LOAD OVERVIEW) Magic: IWAD num descriptors: 19 descriptor offset: 30417
[ERROR]: filenameE1M1is too large to be a proper directory name!
deleting wad
yay
[       OK ] LibWriteTests.createDirectoryTest7 (2 ms)
[ RUN      ] LibWriteTests.createFileTest1
Current working directory: /home/reptilian/p3/test-workspace
[info]: loading wad with path /home/reptilian/p3/test-workspace/./testfiles/sample1_copy.wad
(WAD LOAD OVERVIEW) Magic: IWAD num descriptors: 19 descriptor offset: 30417
saving wad with 20 descriptors, while header says there are 20 num descriptors
deleting wad
yay
Current working directory: /home/reptilian/p3/test-workspace
[info]: loading wad with path /home/reptilian/p3/test-workspace/./testfiles/sample1_copy.wad
(WAD LOAD OVERVIEW) Magic: IWAD num descriptors: 20 descriptor offset: 30417
deleting wad
yay
[       OK ] LibWriteTests.createFileTest1 (4 ms)
[ RUN      ] LibWriteTests.createFileTest2
Current working directory: /home/reptilian/p3/test-workspace
[info]: loading wad with path /home/reptilian/p3/test-workspace/./testfiles/sample1_copy.wad
(WAD LOAD OVERVIEW) Magic: IWAD num descriptors: 19 descriptor offset: 30417
saving wad with 20 descriptors, while header says there are 20 num descriptors
deleting wad
yay
Current working directory: /home/reptilian/p3/test-workspace
[info]: loading wad with path /home/reptilian/p3/test-workspace/./testfiles/sample1_copy.wad
(WAD LOAD OVERVIEW) Magic: IWAD num descriptors: 20 descriptor offset: 30417
deleting wad
yay
[       OK ] LibWriteTests.createFileTest2 (12 ms)
[ RUN      ] LibWriteTests.createFileTest3
Current working directory: /home/reptilian/p3/test-workspace
[info]: loading wad with path /home/reptilian/p3/test-workspace/./testfiles/sample1_copy.wad
(WAD LOAD OVERVIEW) Magic: IWAD num descriptors: 19 descriptor offset: 30417
[ERROR]: filename example.txt is too large to be a proper content name!
[ERROR]: filename example.txt is not a content name!
deleting wad
yay
[       OK ] LibWriteTests.createFileTest3 (2 ms)
[ RUN      ] LibWriteTests.createFileTest4
Current working directory: /home/reptilian/p3/test-workspace
[info]: loading wad with path /home/reptilian/p3/test-workspace/./testfiles/sample1_copy.wad
(WAD LOAD OVERVIEW) Magic: IWAD num descriptors: 19 descriptor offset: 30417
[ERROR]: filename example.txt is too large to be a proper content name!
[ERROR]: filename example.txt is not a content name!
deleting wad
yay
[       OK ] LibWriteTests.createFileTest4 (2 ms)
[ RUN      ] LibWriteTests.createFileTest5
Current working directory: /home/reptilian/p3/test-workspace
[info]: loading wad with path /home/reptilian/p3/test-workspace/./testfiles/sample1_copy.wad
(WAD LOAD OVERVIEW) Magic: IWAD num descriptors: 19 descriptor offset: 30417
[ERROR]: parent directory of type 1 is not a named directory!deleting wad
yay
[       OK ] LibWriteTests.createFileTest5 (2 ms)
[ RUN      ] LibWriteTests.createFileTest6
Current working directory: /home/reptilian/p3/test-workspace
[info]: loading wad with path /home/reptilian/p3/test-workspace/./testfiles/sample1_copy.wad
(WAD LOAD OVERVIEW) Magic: IWAD num descriptors: 19 descriptor offset: 30417
[ERROR]: filename E1M1 is not a content name!
deleting wad
yay
[       OK ] LibWriteTests.createFileTest6 (2 ms)
[ RUN      ] LibWriteTests.writeToFileTest1
Current working directory: /home/reptilian/p3/test-workspace
[info]: loading wad with path /home/reptilian/p3/test-workspace/./testfiles/sample1_copy.wad
(WAD LOAD OVERVIEW) Magic: IWAD num descriptors: 19 descriptor offset: 30417
saving wad with 20 descriptors, while header says there are 20 num descriptors
saving wad with 20 descriptors, while header says there are 20 num descriptors
[INFO]: length 57 offset 0
reading in a length 57at offset 0 and actual WAD offset 30417
deleting wad
yay
Current working directory: /home/reptilian/p3/test-workspace
[info]: loading wad with path /home/reptilian/p3/test-workspace/./testfiles/sample1_copy.wad
(WAD LOAD OVERVIEW) Magic: IWAD num descriptors: 20 descriptor offset: 30474
[INFO]: length 57 offset 0
reading in a length 57at offset 0 and actual WAD offset 30417
[ERROR]: file is nonempty, with a length already of 57
[INFO]: length 57 offset 0
reading in a length 57at offset 0 and actual WAD offset 30417
deleting wad
yay
[       OK ] LibWriteTests.writeToFileTest1 (3 ms)
[ RUN      ] LibWriteTests.writeToFileTest2
Current working directory: /home/reptilian/p3/test-workspace
[info]: loading wad with path /home/reptilian/p3/test-workspace/./testfiles/sample1_copy.wad
(WAD LOAD OVERVIEW) Magic: IWAD num descriptors: 19 descriptor offset: 30417
[ERROR]: file is nonempty, with a length already of 17
deleting wad
yay
[       OK ] LibWriteTests.writeToFileTest2 (3 ms)
[ RUN      ] LibWriteTests.writeToFileTest3
Current working directory: /home/reptilian/p3/test-workspace
[info]: loading wad with path /home/reptilian/p3/test-workspace/./testfiles/sample1_copy.wad
(WAD LOAD OVERVIEW) Magic: IWAD num descriptors: 19 descriptor offset: 30417
[ERROR]: No path exists with this name!
deleting wad
yay
[       OK ] LibWriteTests.writeToFileTest3 (2 ms)
[----------] 16 tests from LibWriteTests (57 ms total)

[----------] 1 test from LibFunctionalityTests
[ RUN      ] LibFunctionalityTests.bigTest
Current working directory: /home/reptilian/p3/test-workspace
[info]: loading wad with path /home/reptilian/p3/test-workspace/./testfiles/sample1_copy.wad
(WAD LOAD OVERVIEW) Magic: IWAD num descriptors: 19 descriptor offset: 30417
saving wad with 21 descriptors, while header says there are 21 num descriptors
saving wad with 23 descriptors, while header says there are 23 num descriptors
saving wad with 24 descriptors, while header says there are 24 num descriptors
saving wad with 24 descriptors, while header says there are 24 num descriptors
[INFO]: length 170 offset 0
reading in a length 170at offset 0 and actual WAD offset 30417
saving wad with 26 descriptors, while header says there are 26 num descriptors
saving wad with 27 descriptors, while header says there are 27 num descriptors
saving wad with 27 descriptors, while header says there are 27 num descriptors
[INFO]: length 170 offset 0
reading in a length 170at offset 0 and actual WAD offset 30587
deleting wad
yay
Current working directory: /home/reptilian/p3/test-workspace
[info]: loading wad with path /home/reptilian/p3/test-workspace/./testfiles/sample1_copy.wad
(WAD LOAD OVERVIEW) Magic: IWAD num descriptors: 27 descriptor offset: 30757
[INFO]: length 170 offset 0
reading in a length 170at offset 0 and actual WAD offset 30417
[INFO]: length 170 offset 0
reading in a length 170at offset 0 and actual WAD offset 30587
deleting wad
yay
[       OK ] LibFunctionalityTests.bigTest (4 ms)
[----------] 1 test from LibFunctionalityTests (4 ms total)

[----------] Global test environment tear-down
[==========] 35 tests from 3 test suites ran. (141 ms total)
[  PASSED  ] 35 tests.
